{
  "stats": {
    "suites": 1,
    "tests": 5,
    "passes": 5,
    "pending": 0,
    "failures": 0,
    "start": "2021-11-05T13:59:08.210Z",
    "end": "2021-11-05T13:59:30.581Z",
    "duration": 22371,
    "testsRegistered": 5,
    "passPercent": 100,
    "pendingPercent": 0,
    "other": 0,
    "hasOther": false,
    "skipped": 0,
    "hasSkipped": false
  },
  "results": [
    {
      "uuid": "b0fcbf8c-11b0-4651-a7d5-fd9dfc2aecc8",
      "title": "",
      "fullFile": "cypress/integration/test-suite-page-objects.spec.js",
      "file": "cypress/integration/test-suite-page-objects.spec.js",
      "beforeHooks": [],
      "afterHooks": [],
      "tests": [],
      "suites": [
        {
          "uuid": "e2859a30-feed-45eb-b223-9e73b1aea906",
          "title": "test suite1",
          "fullFile": "",
          "file": "",
          "beforeHooks": [],
          "afterHooks": [],
          "tests": [
            {
              "title": "Login and view rooms",
              "fullTitle": "test suite1 Login and view rooms",
              "timedOut": null,
              "duration": 3517,
              "state": "passed",
              "speed": "fast",
              "pass": true,
              "fail": false,
              "pending": false,
              "context": null,
              "code": "indexFuncs.performValidLogin(cy, 'tester01', 'GteteqbQQgSr88SwNExUQv2ydb7xuf8c', 'Tester Hotel Overview');\ndashBoardFuncs.viewRooms(cy, 'Rooms');\ndashBoardFuncs.performLogout(cy, 'Login');",
              "err": {},
              "uuid": "67094d44-bade-4b76-b6a8-e56d0ea76917",
              "parentUUID": "e2859a30-feed-45eb-b223-9e73b1aea906",
              "isHook": false,
              "skipped": false
            },
            {
              "title": "Login and view clients",
              "fullTitle": "test suite1 Login and view clients",
              "timedOut": null,
              "duration": 2513,
              "state": "passed",
              "speed": "fast",
              "pass": true,
              "fail": false,
              "pending": false,
              "context": null,
              "code": "indexFuncs.performValidLogin(cy, 'tester01', 'GteteqbQQgSr88SwNExUQv2ydb7xuf8c', 'Tester Hotel Overview');\ndashBoardFuncs.viewClients(cy, 'Clients');\ndashBoardFuncs.performLogout(cy, 'Login');",
              "err": {},
              "uuid": "bff36a60-a34b-48a3-83c7-072851ec5459",
              "parentUUID": "e2859a30-feed-45eb-b223-9e73b1aea906",
              "isHook": false,
              "skipped": false
            },
            {
              "title": "Login and view reservations",
              "fullTitle": "test suite1 Login and view reservations",
              "timedOut": null,
              "duration": 2476,
              "state": "passed",
              "speed": "fast",
              "pass": true,
              "fail": false,
              "pending": false,
              "context": null,
              "code": "indexFuncs.performValidLogin(cy, 'tester01', 'GteteqbQQgSr88SwNExUQv2ydb7xuf8c', 'Tester Hotel Overview');\ndashBoardFuncs.viewReservations(cy, 'Reservations');\ndashBoardFuncs.performLogout(cy, 'Login');",
              "err": {},
              "uuid": "a0ffde94-961f-409c-95fd-b2bf0fad0262",
              "parentUUID": "e2859a30-feed-45eb-b223-9e73b1aea906",
              "isHook": false,
              "skipped": false
            },
            {
              "title": "Login and view bills",
              "fullTitle": "test suite1 Login and view bills",
              "timedOut": null,
              "duration": 2239,
              "state": "passed",
              "speed": "fast",
              "pass": true,
              "fail": false,
              "pending": false,
              "context": null,
              "code": "indexFuncs.performValidLogin(cy, 'tester01', 'GteteqbQQgSr88SwNExUQv2ydb7xuf8c', 'Tester Hotel Overview');\ndashBoardFuncs.viewBills(cy, 'Bills');\ndashBoardFuncs.performLogout(cy, 'Login');",
              "err": {},
              "uuid": "a70ace08-c2d7-4240-9cd8-071f821876ae",
              "parentUUID": "e2859a30-feed-45eb-b223-9e73b1aea906",
              "isHook": false,
              "skipped": false
            },
            {
              "title": "Create client",
              "fullTitle": "test suite1 Create client",
              "timedOut": null,
              "duration": 3530,
              "state": "passed",
              "speed": "fast",
              "pass": true,
              "fail": false,
              "pending": false,
              "context": null,
              "code": "indexFuncs.performValidLogin(cy, 'tester01', 'GteteqbQQgSr88SwNExUQv2ydb7xuf8c', 'Tester Hotel Overview');\ndashBoardFuncs.viewClients(cy, 'Clients');\nclientFuncs.goToCreate(cy, 'New Client');\ncreateClientFuncs.createClient(cy, 'Mikko', 'MB@mail.se', '070123456', 'Mikko' & 'Create Client');\ndashBoardFuncs.performLogout(cy, 'Login');",
              "err": {},
              "uuid": "ae48d334-86d4-4aa7-bbf1-5f143ad2c0b8",
              "parentUUID": "e2859a30-feed-45eb-b223-9e73b1aea906",
              "isHook": false,
              "skipped": false
            }
          ],
          "suites": [],
          "passes": [
            "67094d44-bade-4b76-b6a8-e56d0ea76917",
            "bff36a60-a34b-48a3-83c7-072851ec5459",
            "a0ffde94-961f-409c-95fd-b2bf0fad0262",
            "a70ace08-c2d7-4240-9cd8-071f821876ae",
            "ae48d334-86d4-4aa7-bbf1-5f143ad2c0b8"
          ],
          "failures": [],
          "pending": [],
          "skipped": [],
          "duration": 14275,
          "root": false,
          "rootEmpty": false,
          "_timeout": 2000
        }
      ],
      "passes": [],
      "failures": [],
      "pending": [],
      "skipped": [],
      "duration": 0,
      "root": true,
      "rootEmpty": true,
      "_timeout": 2000
    }
  ],
  "meta": {
    "mocha": {
      "version": "7.0.1"
    },
    "mochawesome": {
      "options": {
        "quiet": false,
        "reportFilename": "mochawesome",
        "saveHtml": true,
        "saveJson": true,
        "consoleReporter": "spec",
        "useInlineDiffs": false,
        "code": true
      },
      "version": "7.0.0"
    },
    "marge": {
      "options": null,
      "version": "6.0.0"
    }
  }
}